Log file open, 05/08/15 11:34:58
LogInit:Display: Running engine for game: MyProject
LogInit: Version: 4.7.6-2513093+++depot+UE4-Releases+4.7
LogInit: API Version: 2455222
LogInit: Compiled (64-bit): Apr 15 2015 12:09:54
LogInit: Compiled with Visual C++: 18.00.21005.01
LogInit: Build Configuration: Development
LogInit: Branch Name: ++depot+UE4-Releases+4.7
LogInit: Command line:  
LogInit: Base directory: C:/Program Files/Epic Games/4.7/Engine/Binaries/Win64/
LogInit: Rocket: 1
[2015.05.08-01.34.58:283][  0]LogTaskGraph: Started task graph with 3 named threads and 6 total threads.
[2015.05.08-01.34.58:333][  0]LogOnline:Warning: No default platform service specified for OnlineSubsystem
[2015.05.08-01.34.58:344][  0]LogInit: Presizing for 0 objects not considered by GC, pre-allocating 0 bytes.
[2015.05.08-01.34.58:353][  0]LogInit: Object subsystem initialized
[2015.05.08-01.34.58:354][  0]LogConsoleResponse:Warning: Skipping Unknown console variable: 'TranslucentSortAxis = (X=0.000000,Y=-1.000000,Z=0.000000)'
[2015.05.08-01.34.58:354][  0]LogConsoleResponse:Warning:   Found in ini file 'C:/Users/shane.coates/Documents/Unreal Projects/Group-Six/Group-Six/Saved/Config/Windows/Engine.ini', in section '[/Script/Engine.RendererSettings]'
[2015.05.08-01.34.58:354][  0]LogConsoleResponse:Warning: Skipping Unknown console variable: 'UIScaleRule = ShortestSide'
[2015.05.08-01.34.58:354][  0]LogConsoleResponse:Warning:   Found in ini file 'C:/Users/shane.coates/Documents/Unreal Projects/Group-Six/Group-Six/Saved/Config/Windows/Engine.ini', in section '[/Script/Engine.RendererSettings]'
[2015.05.08-01.34.58:354][  0]LogConsoleResponse:Warning: Skipping Unknown console variable: 'UIScaleCurve = (EditorCurveData=(Keys=),ExternalCurve=None)'
[2015.05.08-01.34.58:354][  0]LogConsoleResponse:Warning:   Found in ini file 'C:/Users/shane.coates/Documents/Unreal Projects/Group-Six/Group-Six/Saved/Config/Windows/Engine.ini', in section '[/Script/Engine.RendererSettings]'
[2015.05.08-01.34.58:355][  0]LogInit: Selected Device Profile: [Windows]
[2015.05.08-01.34.58:355][  0]LogInit: Applying CVar settings loaded from the selected device profile: [Windows]
[2015.05.08-01.34.58:360][  0]LogInit: Computer: AIE-PURPLE-19
[2015.05.08-01.34.58:360][  0]LogInit: User: shanecoates
[2015.05.08-01.34.58:360][  0]LogInit: CPU Page size=4096, Cores=4
[2015.05.08-01.34.58:360][  0]LogInit: High frequency timer resolution =3.323632 MHz
[2015.05.08-01.34.58:360][  0]LogMemory: Memory total: Physical=16.0GB (16GB approx) Virtual=8192.0GB
[2015.05.08-01.34.58:360][  0]LogMemory: Platform Memory Stats for Windows
[2015.05.08-01.34.58:360][  0]LogMemory: Process Physical Memory: 48.34 MB used, 48.34 MB peak
[2015.05.08-01.34.58:360][  0]LogMemory: Process Virtual Memory: 26.60 MB used, 26.60 MB peak
[2015.05.08-01.34.58:360][  0]LogMemory: Physical Memory: 4810.29 MB used, 16344.64 MB total
[2015.05.08-01.34.58:360][  0]LogMemory: Virtual Memory: 276.54 MB used, 8388608.00 MB total
[2015.05.08-01.34.58:381][  0]LogD3D11RHI: Found D3D11 adapter 0: NVIDIA GeForce GTX 660 Ti (Feature Level 11_0)
[2015.05.08-01.34.58:381][  0]LogD3D11RHI: Adapter has 1989MB of dedicated video memory, 0MB of dedicated system memory, and 2048MB of shared system memory, 2 output[s]
[2015.05.08-01.34.58:381][  0]LogD3D11RHI: Chosen D3D11 Adapter Id = 0
[2015.05.08-01.34.58:385][  0]LogRHI: Texture pool is 1361 MB (70% of 1945 MB)
[2015.05.08-01.34.58:391][  0]LogD3D11RHI: Async texture creation enabled
[2015.05.08-01.34.58:442][  0]LogTextLocalizationManager: The requested culture ('en_AU') has no localization data; parent culture's ('en') localization data will be used.
[2015.05.08-01.34.58:497][  0]LogTextLocalizationManager:Warning: Loading localization resources contain conflicting entries for (Namespace:UICommands, Key:Save_ToolTip):
Resource: (C:/Program Files/Epic Games/4.7/Engine/Content/Localization/Editor/en/Editor.locres) Hash: (-29098895) String: (Saves the current level to disk)
Resource: (C:/Program Files/Epic Games/4.7/Engine/Content/Localization/Engine/en/Engine.locres) Hash: (-1280300587) String: (Save selected data to vlog file)
[2015.05.08-01.34.58:497][  0]LogTextLocalizationManager:Warning: Loading localization resources contain conflicting entries for (Namespace:ContentBrowser, Key:ImportAssetToolTip):
Resource: (C:/Program Files/Epic Games/4.7/Engine/Content/Localization/Editor/en/Editor.locres) Hash: (-630476809) String: (Import to {0}...)
Resource: (C:/Program Files/Epic Games/4.7/Engine/Content/Localization/Editor/en/Editor.locres) Hash: (1271782899) String: (Imports an asset from file to this folder.)
[2015.05.08-01.34.58:569][  0]LogContentStreaming: Texture pool size is 0.000000MB
[2015.05.08-01.35.00:691][  0]LogTargetPlatformManager:Display: Building Assets For Windows
[2015.05.08-01.35.01:187][  0]LogTargetPlatformManager:Display: Building Assets For Windows
[2015.05.08-01.35.01:242][  0]LogDerivedDataCache:Display: Max Cache Size: 512 MB
[2015.05.08-01.35.01:273][  0]LogDerivedDataCache: Loaded boot cache 0.03s 39MB C:/Users/shane.coates/AppData/Local/UnrealEngine/4.7/DerivedDataCache/Boot.ddc.
[2015.05.08-01.35.01:273][  0]LogDerivedDataCache:Display: Loaded Boot cache: C:/Users/shane.coates/AppData/Local/UnrealEngine/4.7/DerivedDataCache/Boot.ddc
[2015.05.08-01.35.01:274][  0]LogDerivedDataCache: FDerivedDataBackendGraph:  Pak pak cache file ../../../../../../Users/shane.coates/Documents/Unreal Projects/Group-Six/Group-Six/DerivedDataCache/DDC.ddp not found, will not use a pak cache.
[2015.05.08-01.35.01:274][  0]LogDerivedDataCache: Unable to find inner node Pak for hierarchical cache Hierarchy.
[2015.05.08-01.35.01:389][  0]LogDerivedDataCache:Display: Pak cache opened for reading ../../../Engine/DerivedDataCache/Compressed.ddp.
[2015.05.08-01.35.01:400][  0]LogDerivedDataCache: Using Local data cache path C:/Users/shane.coates/AppData/Local/UnrealEngine/Common/DerivedDataCache: Writable
[2015.05.08-01.35.01:669][  0]LogMeshUtilities: No automatic mesh reduction module available
[2015.05.08-01.35.01:669][  0]LogMeshUtilities: No automatic mesh merging module available
[2015.05.08-01.35.01:980][  0]LogInit: WinSock: version 1.1 (2.2), MaxSocks=32767, MaxUdp=65467
[2015.05.08-01.35.02:045][  0]LogSlate:Warning: Failed to load font data from '../../../Engine/Content/Slate/Fonts/Roboto-Italic.ttf'
[2015.05.08-01.35.02:693][  0]UdpMessaging: Initializing bridge on interface 0.0.0.0:0 to multicast group 230.0.0.1:6666.
[2015.05.08-01.35.02:867][  0]SourceControl: Info Source control is disabled
[2015.05.08-01.35.02:867][  0]SourceControl: Info Source control is disabled
[2015.05.08-01.35.02:867][  0]SourceControl: Info Source control is disabled
[2015.05.08-01.35.02:867][  0]LogSourceControl: RunCommandInternalRaw: 'git version'
[2015.05.08-01.35.02:867][  0]LogSourceControl: RunCommandInternalRaw: ExecProcess ReturnCode=2 OutResults=''
[2015.05.08-01.35.02:874][  0]LogSourceControl: RunCommandInternalRaw: 'git version'
[2015.05.08-01.35.02:880][  0]LogSourceControl: RunCommandInternalRaw: ExecProcess ReturnCode=0 OutResults='git version 1.9.5.msysgit.0
'
[2015.05.08-01.35.03:035][  0]LogObj: 24232 objects as part of root set at end of initial load.
[2015.05.08-01.35.03:035][  0]LogUObjectAllocator: 5137176 out of 0 bytes used by permanent object pool.
[2015.05.08-01.35.03:109][  0]LogEngine: Initializing Engine...
[2015.05.08-01.35.06:252][  0]LogInit: XAudio2 using 'Speakers (VIA High Definition Audio)' : 2 channels at 48 kHz using 32 bits per sample (channel mask 0x3)
[2015.05.08-01.35.06:261][  0]LogInit: FAudioDevice initialized.
[2015.05.08-01.35.06:293][  0]LogAIModule: Creating AISystem for world NewWorld
[2015.05.08-01.35.06:312][  0]LogDerivedDataCache: Saved boot cache 0.02s 39MB C:/Users/shane.coates/AppData/Local/UnrealEngine/4.7/DerivedDataCache/Boot.ddc.
[2015.05.08-01.35.06:316][  0]LogInit: Texture streaming: Enabled
[2015.05.08-01.35.06:396][  0]LogAnalytics: Creating configured Analytics provider AnalyticsET
[2015.05.08-01.35.06:396][  0]LogAnalytics: ET APIKey = Rocket.Release. APIServer = http://et2.epicgames.com/ET2/. AppVersion = 4.7.6-2513093+++depot+UE4-Releases+4.7
[2015.05.08-01.35.06:396][  0]LogAnalytics: ET APIKey = Rocket.Release. DataRouterUploadURL = https://datarouter-public-service-gamedev.ol.epicgames.net/datarouter/api/v1/public/data. AppVersion = 4.7.6-2513093+++depot+UE4-Releases+4.7
[2015.05.08-01.35.06:397][  0]LogAnalytics: SetUserId 0fe8b4ae4ef8265080660f8d8d6eaa49|976fbc031d8742bf8144d62964902971|385537f3-1830-43dc-b6e6-0fb78e1d68b0
[2015.05.08-01.35.06:397][  0]LogAnalytics: AnalyticsET::StartSession [Rocket.Release]
[2015.05.08-01.35.06:414][  0]LogInit: Transaction tracking system initialized
[2015.05.08-01.35.06:558][  0]BlueprintLog: New page: Editor Load
[2015.05.08-01.35.06:589][  0]LogAssetRegistry: FAssetRegistry took 0.0100 seconds to start up
[2015.05.08-01.35.06:589][  0]LogDirectoryWatcher:Warning: Failed to begin reading directory changes for ../../../Engine/Plugins/Experimental/CharacterAI/Content/. Error: 0
[2015.05.08-01.35.07:033][  0]LogTargetPlatformManager:Display: Building Assets For Windows
[2015.05.08-01.35.07:332][  0]LogTargetPlatformManager:Display: Building Assets For Windows
[2015.05.08-01.35.07:547][  0]LogSlate:Warning: Failed to load font data from '../../../Engine/Content/Editor/Slate/Fonts/Roboto-Regular.ttf'
[2015.05.08-01.35.07:547][  0]LogSlate:Warning: Failed to load font data from '../../../Engine/Content/Editor/Slate/Fonts/Roboto-Bold.ttf'
[2015.05.08-01.35.07:551][  0]LogConsoleResponse:Display: 
[2015.05.08-01.35.07:660][  0]LogCook:Display: Done creating registry. It took  0.00s.
[2015.05.08-01.35.07:779][  0]LogSourceControl: RunCommandInternalRaw: 'git version'
[2015.05.08-01.35.07:785][  0]LogSourceControl: RunCommandInternalRaw: ExecProcess ReturnCode=0 OutResults='git version 1.9.5.msysgit.0
'
[2015.05.08-01.35.07:785][  0]Cmd: MAP LOAD FILE="../../../../../../Users/shane.coates/Documents/Unreal Projects/Group-Six/Group-Six/Content/ThirdPersonBP/Maps/ThirdPersonExampleMap.umap" TEMPLATE=0 SHOWPROGRESS=1 FEATURELEVEL=3
[2015.05.08-01.35.07:785][  0]LightingResults: New page: Lighting Build
[2015.05.08-01.35.07:796][  0]MapCheck: New page: Map Check
[2015.05.08-01.35.07:796][  0]LightingResults: New page: Lighting Build
[2015.05.08-01.35.07:802][  0]LogParticles: Destroying 0 GPU particle simulations for FXSystem 0x00000000111BA980
[2015.05.08-01.35.07:810][  0]LogLinker:Warning: Asset '../../../Engine/Content/EngineMeshes/Humanoid.uasset' has been saved with empty engine version. The asset will be loaded but may be incompatible.
[2015.05.08-01.35.09:012][  0]LogEditorServer: Finished looking for orphan Actors (0.000 secs)
[2015.05.08-01.35.09:872][  0]LogAIModule: Creating AISystem for world ThirdPersonExampleMap
[2015.05.08-01.35.09:873][  0]Cmd: MAP CHECKDEP
[2015.05.08-01.35.09:873][  0]MapCheck: New page: ThirdPersonExampleMap - 8 May 2015 9:35:09 pm
[2015.05.08-01.35.09:945][  0]MapCheck: Info Map check complete: 0 Error(s), 0 Warning(s), took 71.471ms to complete.
[2015.05.08-01.35.09:945][  0]LogFileHelpers: Loading map 'ThirdPersonExampleMap' took 2.160
[2015.05.08-01.35.10:074][  0]LogSourceControl: RunCommandInternalRaw: 'git status'
[2015.05.08-01.35.10:074][  0]LogSourceControl: RunCommandInternalRaw: ExecProcess ReturnCode=0 OutResults='On branch master
Your branch is ahead of 'origin/master' by 2 commits.
  (use "git push" to publish your local commits)

Changes not staged for commit:
  (use "git add <file>..." to update what will be committed)
  (use "git checkout -- <file>..." to discard changes in working directory)

	modified:   Content/ThirdPersonBP/Blueprints/ThirdPersonCharacter.uasset
	modified:   Content/ThirdPersonBP/Maps/ThirdPersonExampleMap.umap
	modified:   Intermediate/CachedAssetRegistry.bin
	modified:   Intermediate/Config/CoalescedSourceConfigs/Engine.ini
	modified:   Intermediate/Config/CoalescedSourceConfigs/Game.ini
	modified:   Saved/Autosaves/PackageRestoreData.json
	modified:   Saved/Config/Windows/EditorLayout.ini
	modified:   Saved/Config/Windows/EditorUserSettings.ini
	modified:   Saved/Config/Windows/Engine.ini
	modified:   Saved/Logs/MyProject.log

Untracked files:
  (use "git add <file>..." to include in what will be committed)

	Saved/Autosaves/Game/
	Saved/Backup/ThirdPersonCharacter_2015-05-08-10-56-30.uasset
	Saved/Backup/ThirdPersonCharacter_2015-05-08-11-06-58.uasset
	Saved/Backup/ThirdPersonCharacter_2015-05-08-11-24-59.uasset
	Saved/Backup/ThirdPersonExampleMap_2015-05-08-09-56-26.umap
	Saved/Backup/ThirdPersonExampleMap_2015-05-08-10-56-28.umap
	Saved/Backup/ThirdPersonExampleMap_2015-05-08-11-06-55.umap
	Saved/Backup/ThirdPersonExampleMap_2015-05-08-11-24-57.umap
	Saved/Logs/Dump1300961520.dmp
	Saved/Logs/Dump212091520.dmp
	Saved/Logs/MyProject-backup-2015.05.08-09.55.53.log
	Saved/Logs/MyProject-backup-2015.05.08-11.33.18.log
	Saved/Logs/MyProject-backup-2015.05.08-11.34.58.log

no changes added to commit (use "git add" and/or "git commit -a")
'
[2015.05.08-01.35.10:074][  0]LogSourceControl: RunCommandInternalRaw: 'git symbolic-ref --short HEAD'
[2015.05.08-01.35.10:074][  0]LogSourceControl: RunCommandInternalRaw: ExecProcess ReturnCode=0 OutResults='master
'
[2015.05.08-01.35.10:074][  0]LogCollectionManager: Loaded 0 collections in 0.001379 seconds
[2015.05.08-01.35.10:086][  0]LogContentBrowser: Native class hierarchy populated in 0.0112 seconds. Added 1696 classes and 261 folders.
[2015.05.08-01.35.10:116][  0]LogContentBrowser: Native class hierarchy updated for 'SceneOutliner' in 0.0017 seconds. Added 1 classes and 2 folders.
[2015.05.08-01.35.10:159][  0]LogCrashTracker: Crashtracker disabled due to settings.
[2015.05.08-01.35.10:160][  0]LogSlate:Warning: Failed to load font data from 'Veranda'
[2015.05.08-01.35.10:166][  0]LogUObjectGlobals:Warning: Failed to find object 'Class None.'
[2015.05.08-01.35.10:190][  0]LogLoad: Full Startup: 13.62 seconds (BP compile: 0.48 seconds)
[2015.05.08-01.35.10:535][  0]LogContentBrowser:Verbose: The content browser source was changed by the sources view to '/Game/ThirdPersonBP/Blueprints'
[2015.05.08-01.35.10:574][  0]SourceControl: Info master
[2015.05.08-01.35.10:690][  0]LogRenderer:Warning: Reallocating scene render targets to support 1056x584 (Frame:2).
[2015.05.08-01.35.11:535][  3]LogAssetRegistry: Asset discovery search completed in 4.9568 seconds
[2015.05.08-01.35.13:621][ 10]LogSourceControl: RunCommandInternalRaw: 'git status --porcelain --ignored "C:/Users/shane.coates/Documents/Unreal Projects/Group-Six/Group-Six/Content/ThirdPersonBP/Blueprints/ThirdPersonCharacter.uasset" "C:/Users/shane.coates/Documents/Unreal Projects/Group-Six/Group-Six/Content/ThirdPersonBP/Blueprints/ThirdPersonGameMode.uasset"'
[2015.05.08-01.35.13:948][ 11]LogSourceControl: RunCommandInternalRaw: ExecProcess ReturnCode=0 OutResults=' M Content/ThirdPersonBP/Blueprints/ThirdPersonCharacter.uasset
'
[2015.05.08-01.35.22:297][679]BlueprintLog: New page: Compile ThirdPersonCharacter
[2015.05.08-01.35.22:427][679]LogActorComponent: UnregisterComponent: (/Engine/Transient.CharMoveComp) Not registered. Aborting.
[2015.05.08-01.35.22:460][679]BlueprintEditorCompileResults: Info [0025.89] Compile of ThirdPersonCharacter successful! [in 163 ms]
[2015.05.08-01.35.24:020][829]BlueprintLog: New page: Compile ThirdPersonCharacter
[2015.05.08-01.35.24:168][829]BlueprintEditorCompileResults: Info [0027.60] Compile of ThirdPersonCharacter successful! [in 147 ms]
[2015.05.08-01.35.25:117][907]LogPlayLevel: PIE:  No blueprints needed recompiling
[2015.05.08-01.35.25:118][907]PIE: New page: PIE session: ThirdPersonExampleMap (8 May 2015 9:35:25 pm)
[2015.05.08-01.35.25:135][907]LogPlayLevel: PIE: StaticDuplicateObject took: (0.016992s)
[2015.05.08-01.35.25:136][907]LogPlayLevel: PIE: World Init took: (0.000579s)
[2015.05.08-01.35.25:136][907]LogPlayLevel: PIE: Created PIE world by copying editor world from /Game/ThirdPersonBP/Maps/ThirdPersonExampleMap.ThirdPersonExampleMap to /Game/ThirdPersonBP/Maps/UEDPIE_0_ThirdPersonExampleMap.ThirdPersonExampleMap (0.017778s)
[2015.05.08-01.35.25:196][907]LogWorld: Game class is 'ThirdPersonGameMode_C'
[2015.05.08-01.35.25:198][907]LogAIModule: Creating AISystem for world ThirdPersonExampleMap
[2015.05.08-01.35.25:204][907]LogWorld: Bringing World /Game/ThirdPersonBP/Maps/UEDPIE_0_ThirdPersonExampleMap.ThirdPersonExampleMap up for play (max tick rate 0) at 2015.05.08-11.35.25
[2015.05.08-01.35.25:204][907]LogWorld: Bringing up level for play took: 0.006169
[2015.05.08-01.35.25:226][907]PIE: Info Play in editor start time for /Game/ThirdPersonBP/Maps/UEDPIE_0_ThirdPersonExampleMap 0.466
[2015.05.08-01.35.25:332][907]LogWindows:Error: Windows GetLastError: The operation completed successfully. (0)
[2015.05.08-01.35.25:332][907]LogCrashTracker: 


[2015.05.08-01.35.27:607][907]LogCrashTracker: 


[2015.05.08-01.35.27:607][907]LogWindows: === Critical error: ===
Assertion failed: Iterations < 100 [File:D:\BuildFarm\buildmachine_++depot+UE4-Releases+4.7\Engine\Source\Runtime\Engine\Private\TickTaskManager.cpp] [Line: 729] 



KERNELBASE.dll!UnknownFunction (0x000007fefd36940d) + 0 bytes [UnknownFile:0]
UE4Editor-Core.dll!FOutputDeviceWindowsError::Serialize() (0x000007fee6908074) + 0 bytes [d:\buildfarm\buildmachine_++depot+ue4-releases+4.7\engine\source\runtime\core\private\windows\windowsplatformoutputdevices.cpp:95]
UE4Editor-Core.dll!FOutputDevice::Logf__VA() (0x000007fee6787878) + 159 bytes [d:\buildfarm\buildmachine_++depot+ue4-releases+4.7\engine\source\runtime\core\private\misc\outputdevice.cpp:144]
UE4Editor-Core.dll!FDebug::AssertFailed() (0x000007fee6768b17) + 62 bytes [d:\buildfarm\buildmachine_++depot+ue4-releases+4.7\engine\source\runtime\core\private\misc\outputdevice.cpp:224]
UE4Editor-Engine.dll!FTickTaskManager::RunTickGroup() (0x000007fee466a6ea) + 0 bytes [d:\buildfarm\buildmachine_++depot+ue4-releases+4.7\engine\source\runtime\engine\private\ticktaskmanager.cpp:730]
UE4Editor-Engine.dll!UWorld::RunTickGroup() (0x000007fee42c4566) + 0 bytes [d:\buildfarm\buildmachine_++depot+ue4-releases+4.7\engine\source\runtime\engine\private\leveltick.cpp:696]
UE4Editor-Engine.dll!UWorld::Tick() (0x000007fee42cc36c) + 0 bytes [d:\buildfarm\buildmachine_++depot+ue4-releases+4.7\engine\source\runtime\engine\private\leveltick.cpp:1222]
UE4Editor-UnrealEd.dll!UEditorEngine::Tick() (0x000007fee1aee502) + 0 bytes [d:\buildfarm\buildmachine_++depot+ue4-releases+4.7\engine\source\editor\unrealed\private\editor.cpp:1329]
UE4Editor-UnrealEd.dll!UUnrealEdEngine::Tick() (0x000007fee1fa8306) + 0 bytes [d:\buildfarm\buildmachine_++depot+ue4-releases+4.7\engine\source\editor\unrealed\private\unrealedengine.cpp:347]
UE4Editor.exe!FEngineLoop::Tick() (0x000000013f3f0263) + 0 bytes [d:\buildfarm\buildmachine_++depot+ue4-releases+4.7\engine\source\runtime\launch\private\launchengineloop.cpp:2257]
UE4Editor.exe!GuardedMain() (0x000000013f3e267c) + 0 bytes [d:\buildfarm\buildmachine_++depot+ue4-releases+4.7\engine\source\runtime\launch\private\launch.cpp:142]
UE4Editor.exe!GuardedMainWrapper() (0x000000013f3e26ea) + 5 bytes [d:\buildfarm\buildmachine_++depot+ue4-releases+4.7\engine\source\runtime\launch\private\windows\launchwindows.cpp:126]
UE4Editor.exe!WinMain() (0x000000013f3f2219) + 17 bytes [d:\buildfarm\buildmachine_++depot+ue4-releases+4.7\engine\source\runtime\launch\private\windows\launchwindows.cpp:202]
UE4Editor.exe!__tmainCRTStartup() (0x000000013f3f3159) + 21 bytes [f:\dd\vctools\crt\crtw32\dllstuff\crtexe.c:618]
kernel32.dll!UnknownFunction (0x00000000772459ed) + 0 bytes [UnknownFile:0]
ntdll.dll!UnknownFunction (0x000000007747c541) + 0 bytes [UnknownFile:0]
ntdll.dll!UnknownFunction (0x000000007747c541) + 0 bytes [UnknownFile:0]


[2015.05.08-01.35.27:707][907]LogExit: Executing StaticShutdownAfterError
[2015.05.08-01.35.27:709][907]LogWindows: FPlatformMisc::RequestExit(1)
[2015.05.08-01.35.27:709][907]Log file closed, 05/08/15 11:35:27
